<?xml version="1.0" encoding="UTF-8"?>
<!-- Generated by org.testng.reporters.JUnitReportReporter -->
<testsuite skipped="2" hostname="JeromeYangco" name="com.qtpselenium.zoho.project.testcases.PotentialTest" tests="2" failures="0" timestamp="27 Oct 2018 10:54:36 GMT" time="0.797" errors="0">
  <testcase name="createPotentialTest" time="0.797" classname="com.qtpselenium.zoho.project.testcases.PotentialTest">
    <skipped/>
  </testcase> <!-- createPotentialTest -->
  <testcase name="deletePotentialAccountTest" time="0.000" classname="com.qtpselenium.zoho.project.testcases.PotentialTest">
    <skipped/>
  </testcase> <!-- deletePotentialAccountTest -->
</testsuite> <!-- com.qtpselenium.zoho.project.testcases.PotentialTest -->
