<?xml version="1.0" encoding="UTF-8"?>
<!-- Generated by org.testng.reporters.JUnitReportReporter -->
<testsuite hostname="JeromeYangco" name="com.qtpselenium.zoho.project.testcases.ReadExcelValue" tests="1" failures="0" timestamp="2 Nov 2018 03:06:29 GMT" time="0.912" errors="0">
  <testcase name="run" time="0.912" classname="com.qtpselenium.zoho.project.testcases.ReadExcelValue"/>
</testsuite> <!-- com.qtpselenium.zoho.project.testcases.ReadExcelValue -->
