<?xml version="1.0" encoding="UTF-8"?>
<!-- Generated by org.testng.reporters.JUnitReportReporter -->
<testsuite skipped="1" hostname="JeromeYangco" name="com.qtpselenium.zoho.project.testcases.LoginTest2" tests="2" failures="0" timestamp="26 Aug 2018 15:44:16 GMT" time="51.629" errors="0">
  <testcase name="doLoginTest" time="50.921" classname="com.qtpselenium.zoho.project.testcases.LoginTest2"/>
  <testcase name="doLoginTest" time="0.708" classname="com.qtpselenium.zoho.project.testcases.LoginTest2">
    <skipped/>
  </testcase> <!-- doLoginTest -->
</testsuite> <!-- com.qtpselenium.zoho.project.testcases.LoginTest2 -->
